<?xml version="1.0" encoding="UTF-8"?>
<robot generator="Robot 5.0 (Python 3.8.10 on win32)" generated="20220416 22:57:21.806" rpa="false" schemaversion="3">
<suite id="s1" name="Test-Form" source="C:\Users\User\Desktop\sdp_aowjingsud\test\test-form.robot">
<test id="s1-t1" name="T0001 Sign-in everything valid" line="24">
<kw name="Open Browser" library="Selenium2Library">
<arg>${url_signin}</arg>
<arg>chrome</arg>
<doc>Opens a new browser instance to the optional ``url``.</doc>
<msg timestamp="20220416 22:57:22.035" level="INFO">Opening browser 'chrome' to base url 'http://localhost:3000/cart'.</msg>
<msg timestamp="20220416 22:57:22.054" level="INFO">Cannot capture screenshot because no browser is open.</msg>
<msg timestamp="20220416 22:57:22.055" level="FAIL">WebDriverException: Message: 'chromedriver' executable needs to be in PATH. Please see https://chromedriver.chromium.org/home
</msg>
<status status="FAIL" starttime="20220416 22:57:22.034" endtime="20220416 22:57:22.058"/>
</kw>
<kw name="Sleep" library="BuiltIn">
<arg>2s</arg>
<doc>Pauses the test executed for the given time.</doc>
<status status="NOT RUN" starttime="20220416 22:57:22.059" endtime="20220416 22:57:22.059"/>
</kw>
<kw name="Click Element" library="Selenium2Library">
<arg>${button_buy}</arg>
<doc>Click the element identified by ``locator``.</doc>
<status status="NOT RUN" starttime="20220416 22:57:22.059" endtime="20220416 22:57:22.059"/>
</kw>
<kw name="Sleep" library="BuiltIn">
<arg>2s</arg>
<doc>Pauses the test executed for the given time.</doc>
<status status="NOT RUN" starttime="20220416 22:57:22.059" endtime="20220416 22:57:22.060"/>
</kw>
<kw name="Click Element" library="Selenium2Library">
<arg>${button_oncash}</arg>
<doc>Click the element identified by ``locator``.</doc>
<status status="NOT RUN" starttime="20220416 22:57:22.060" endtime="20220416 22:57:22.060"/>
</kw>
<kw name="Sleep" library="BuiltIn">
<arg>2s</arg>
<doc>Pauses the test executed for the given time.</doc>
<status status="NOT RUN" starttime="20220416 22:57:22.060" endtime="20220416 22:57:22.060"/>
</kw>
<kw name="Input Text" library="Selenium2Library">
<arg>${textbox_name}</arg>
<arg>warapob</arg>
<doc>Types the given ``text`` into the text field identified by ``locator``.</doc>
<status status="NOT RUN" starttime="20220416 22:57:22.061" endtime="20220416 22:57:22.061"/>
</kw>
<kw name="Input Text" library="Selenium2Library">
<arg>${textbox_surname}</arg>
<arg>keatkong</arg>
<doc>Types the given ``text`` into the text field identified by ``locator``.</doc>
<status status="NOT RUN" starttime="20220416 22:57:22.061" endtime="20220416 22:57:22.061"/>
</kw>
<kw name="Input Text" library="Selenium2Library">
<arg>${textbox_tel}</arg>
<arg>123426789</arg>
<doc>Types the given ``text`` into the text field identified by ``locator``.</doc>
<status status="NOT RUN" starttime="20220416 22:57:22.061" endtime="20220416 22:57:22.061"/>
</kw>
<kw name="Input Text" library="Selenium2Library">
<arg>${textbox_addr}</arg>
<arg>dont know</arg>
<doc>Types the given ``text`` into the text field identified by ``locator``.</doc>
<status status="NOT RUN" starttime="20220416 22:57:22.062" endtime="20220416 22:57:22.062"/>
</kw>
<kw name="Click Element" library="Selenium2Library">
<arg>${button_order}</arg>
<doc>Click the element identified by ``locator``.</doc>
<status status="NOT RUN" starttime="20220416 22:57:22.062" endtime="20220416 22:57:22.062"/>
</kw>
<kw name="Sleep" library="BuiltIn">
<arg>4s</arg>
<doc>Pauses the test executed for the given time.</doc>
<status status="NOT RUN" starttime="20220416 22:57:22.062" endtime="20220416 22:57:22.062"/>
</kw>
<kw name="Title Should Be" library="Selenium2Library">
<arg>Order</arg>
<doc>Verifies that the current page title equals ``title``.</doc>
<status status="NOT RUN" starttime="20220416 22:57:22.062" endtime="20220416 22:57:22.063"/>
</kw>
<kw name="Close Browser" library="Selenium2Library" type="TEARDOWN">
<doc>Closes the current browser.</doc>
<status status="PASS" starttime="20220416 22:57:22.063" endtime="20220416 22:57:22.063"/>
</kw>
<tag>successful-case</tag>
<status status="FAIL" starttime="20220416 22:57:22.033" endtime="20220416 22:57:22.064">WebDriverException: Message: 'chromedriver' executable needs to be in PATH. Please see https://chromedriver.chromium.org/home
</status>
</test>
<test id="s1-t2" name="T0002 Sign-in 2 chars name" line="40">
<kw name="Open Browser" library="Selenium2Library">
<arg>${url_signin}</arg>
<arg>chrome</arg>
<doc>Opens a new browser instance to the optional ``url``.</doc>
<msg timestamp="20220416 22:57:22.065" level="INFO">Opening browser 'chrome' to base url 'http://localhost:3000/cart'.</msg>
<msg timestamp="20220416 22:57:22.068" level="INFO">Cannot capture screenshot because no browser is open.</msg>
<msg timestamp="20220416 22:57:22.069" level="FAIL">WebDriverException: Message: 'chromedriver' executable needs to be in PATH. Please see https://chromedriver.chromium.org/home
</msg>
<status status="FAIL" starttime="20220416 22:57:22.065" endtime="20220416 22:57:22.069"/>
</kw>
<kw name="Sleep" library="BuiltIn">
<arg>2s</arg>
<doc>Pauses the test executed for the given time.</doc>
<status status="NOT RUN" starttime="20220416 22:57:22.070" endtime="20220416 22:57:22.070"/>
</kw>
<kw name="Click Element" library="Selenium2Library">
<arg>${button_buy}</arg>
<doc>Click the element identified by ``locator``.</doc>
<status status="NOT RUN" starttime="20220416 22:57:22.070" endtime="20220416 22:57:22.070"/>
</kw>
<kw name="Sleep" library="BuiltIn">
<arg>2s</arg>
<doc>Pauses the test executed for the given time.</doc>
<status status="NOT RUN" starttime="20220416 22:57:22.071" endtime="20220416 22:57:22.071"/>
</kw>
<kw name="Click Element" library="Selenium2Library">
<arg>${button_oncash}</arg>
<doc>Click the element identified by ``locator``.</doc>
<status status="NOT RUN" starttime="20220416 22:57:22.071" endtime="20220416 22:57:22.071"/>
</kw>
<kw name="Sleep" library="BuiltIn">
<arg>2s</arg>
<doc>Pauses the test executed for the given time.</doc>
<status status="NOT RUN" starttime="20220416 22:57:22.072" endtime="20220416 22:57:22.072"/>
</kw>
<kw name="Input Text" library="Selenium2Library">
<arg>${textbox_name}</arg>
<arg>wa</arg>
<doc>Types the given ``text`` into the text field identified by ``locator``.</doc>
<status status="NOT RUN" starttime="20220416 22:57:22.072" endtime="20220416 22:57:22.072"/>
</kw>
<kw name="Input Text" library="Selenium2Library">
<arg>${textbox_surname}</arg>
<arg>keatkong</arg>
<doc>Types the given ``text`` into the text field identified by ``locator``.</doc>
<status status="NOT RUN" starttime="20220416 22:57:22.073" endtime="20220416 22:57:22.073"/>
</kw>
<kw name="Input Text" library="Selenium2Library">
<arg>${textbox_tel}</arg>
<arg>123426789</arg>
<doc>Types the given ``text`` into the text field identified by ``locator``.</doc>
<status status="NOT RUN" starttime="20220416 22:57:22.073" endtime="20220416 22:57:22.073"/>
</kw>
<kw name="Input Text" library="Selenium2Library">
<arg>${textbox_addr}</arg>
<arg>dont know</arg>
<doc>Types the given ``text`` into the text field identified by ``locator``.</doc>
<status status="NOT RUN" starttime="20220416 22:57:22.074" endtime="20220416 22:57:22.074"/>
</kw>
<kw name="Click Element" library="Selenium2Library">
<arg>${button_order}</arg>
<doc>Click the element identified by ``locator``.</doc>
<status status="NOT RUN" starttime="20220416 22:57:22.074" endtime="20220416 22:57:22.074"/>
</kw>
<kw name="Sleep" library="BuiltIn">
<arg>4s</arg>
<doc>Pauses the test executed for the given time.</doc>
<status status="NOT RUN" starttime="20220416 22:57:22.075" endtime="20220416 22:57:22.075"/>
</kw>
<kw name="Title Should Be" library="Selenium2Library">
<arg>Cart</arg>
<doc>Verifies that the current page title equals ``title``.</doc>
<status status="NOT RUN" starttime="20220416 22:57:22.075" endtime="20220416 22:57:22.075"/>
</kw>
<kw name="Close Browser" library="Selenium2Library" type="TEARDOWN">
<doc>Closes the current browser.</doc>
<status status="PASS" starttime="20220416 22:57:22.076" endtime="20220416 22:57:22.076"/>
</kw>
<tag>successful-case</tag>
<status status="FAIL" starttime="20220416 22:57:22.064" endtime="20220416 22:57:22.076">WebDriverException: Message: 'chromedriver' executable needs to be in PATH. Please see https://chromedriver.chromium.org/home
</status>
</test>
<test id="s1-t3" name="T0003 Sign-in 11 chars name" line="56">
<kw name="Open Browser" library="Selenium2Library">
<arg>${url_signin}</arg>
<arg>chrome</arg>
<doc>Opens a new browser instance to the optional ``url``.</doc>
<msg timestamp="20220416 22:57:22.078" level="INFO">Opening browser 'chrome' to base url 'http://localhost:3000/cart'.</msg>
<msg timestamp="20220416 22:57:22.081" level="INFO">Cannot capture screenshot because no browser is open.</msg>
<msg timestamp="20220416 22:57:22.082" level="FAIL">WebDriverException: Message: 'chromedriver' executable needs to be in PATH. Please see https://chromedriver.chromium.org/home
</msg>
<status status="FAIL" starttime="20220416 22:57:22.078" endtime="20220416 22:57:22.082"/>
</kw>
<kw name="Sleep" library="BuiltIn">
<arg>2s</arg>
<doc>Pauses the test executed for the given time.</doc>
<status status="NOT RUN" starttime="20220416 22:57:22.083" endtime="20220416 22:57:22.083"/>
</kw>
<kw name="Click Element" library="Selenium2Library">
<arg>${button_buy}</arg>
<doc>Click the element identified by ``locator``.</doc>
<status status="NOT RUN" starttime="20220416 22:57:22.083" endtime="20220416 22:57:22.083"/>
</kw>
<kw name="Sleep" library="BuiltIn">
<arg>2s</arg>
<doc>Pauses the test executed for the given time.</doc>
<status status="NOT RUN" starttime="20220416 22:57:22.084" endtime="20220416 22:57:22.084"/>
</kw>
<kw name="Click Element" library="Selenium2Library">
<arg>${button_oncash}</arg>
<doc>Click the element identified by ``locator``.</doc>
<status status="NOT RUN" starttime="20220416 22:57:22.085" endtime="20220416 22:57:22.085"/>
</kw>
<kw name="Sleep" library="BuiltIn">
<arg>2s</arg>
<doc>Pauses the test executed for the given time.</doc>
<status status="NOT RUN" starttime="20220416 22:57:22.085" endtime="20220416 22:57:22.085"/>
</kw>
<kw name="Input Text" library="Selenium2Library">
<arg>${textbox_name}</arg>
<arg>wwwwwwwwwww</arg>
<doc>Types the given ``text`` into the text field identified by ``locator``.</doc>
<status status="NOT RUN" starttime="20220416 22:57:22.086" endtime="20220416 22:57:22.086"/>
</kw>
<kw name="Input Text" library="Selenium2Library">
<arg>${textbox_surname}</arg>
<arg>keatkong</arg>
<doc>Types the given ``text`` into the text field identified by ``locator``.</doc>
<status status="NOT RUN" starttime="20220416 22:57:22.086" endtime="20220416 22:57:22.086"/>
</kw>
<kw name="Input Text" library="Selenium2Library">
<arg>${textbox_tel}</arg>
<arg>123426789</arg>
<doc>Types the given ``text`` into the text field identified by ``locator``.</doc>
<status status="NOT RUN" starttime="20220416 22:57:22.087" endtime="20220416 22:57:22.087"/>
</kw>
<kw name="Input Text" library="Selenium2Library">
<arg>${textbox_addr}</arg>
<arg>dont know</arg>
<doc>Types the given ``text`` into the text field identified by ``locator``.</doc>
<status status="NOT RUN" starttime="20220416 22:57:22.087" endtime="20220416 22:57:22.087"/>
</kw>
<kw name="Click Element" library="Selenium2Library">
<arg>${button_order}</arg>
<doc>Click the element identified by ``locator``.</doc>
<status status="NOT RUN" starttime="20220416 22:57:22.088" endtime="20220416 22:57:22.088"/>
</kw>
<kw name="Sleep" library="BuiltIn">
<arg>4s</arg>
<doc>Pauses the test executed for the given time.</doc>
<status status="NOT RUN" starttime="20220416 22:57:22.088" endtime="20220416 22:57:22.089"/>
</kw>
<kw name="Title Should Be" library="Selenium2Library">
<arg>Cart</arg>
<doc>Verifies that the current page title equals ``title``.</doc>
<status status="NOT RUN" starttime="20220416 22:57:22.089" endtime="20220416 22:57:22.089"/>
</kw>
<kw name="Close Browser" library="Selenium2Library" type="TEARDOWN">
<doc>Closes the current browser.</doc>
<status status="PASS" starttime="20220416 22:57:22.090" endtime="20220416 22:57:22.090"/>
</kw>
<tag>successful-case</tag>
<status status="FAIL" starttime="20220416 22:57:22.077" endtime="20220416 22:57:22.090">WebDriverException: Message: 'chromedriver' executable needs to be in PATH. Please see https://chromedriver.chromium.org/home
</status>
</test>
<test id="s1-t4" name="T0004 Sign-in 9 chars name" line="72">
<kw name="Open Browser" library="Selenium2Library">
<arg>${url_signin}</arg>
<arg>chrome</arg>
<doc>Opens a new browser instance to the optional ``url``.</doc>
<msg timestamp="20220416 22:57:22.093" level="INFO">Opening browser 'chrome' to base url 'http://localhost:3000/cart'.</msg>
<msg timestamp="20220416 22:57:22.096" level="INFO">Cannot capture screenshot because no browser is open.</msg>
<msg timestamp="20220416 22:57:22.097" level="FAIL">WebDriverException: Message: 'chromedriver' executable needs to be in PATH. Please see https://chromedriver.chromium.org/home
</msg>
<status status="FAIL" starttime="20220416 22:57:22.093" endtime="20220416 22:57:22.097"/>
</kw>
<kw name="Sleep" library="BuiltIn">
<arg>2s</arg>
<doc>Pauses the test executed for the given time.</doc>
<status status="NOT RUN" starttime="20220416 22:57:22.098" endtime="20220416 22:57:22.098"/>
</kw>
<kw name="Click Element" library="Selenium2Library">
<arg>${button_buy}</arg>
<doc>Click the element identified by ``locator``.</doc>
<status status="NOT RUN" starttime="20220416 22:57:22.098" endtime="20220416 22:57:22.098"/>
</kw>
<kw name="Sleep" library="BuiltIn">
<arg>2s</arg>
<doc>Pauses the test executed for the given time.</doc>
<status status="NOT RUN" starttime="20220416 22:57:22.099" endtime="20220416 22:57:22.099"/>
</kw>
<kw name="Click Element" library="Selenium2Library">
<arg>${button_oncash}</arg>
<doc>Click the element identified by ``locator``.</doc>
<status status="NOT RUN" starttime="20220416 22:57:22.099" endtime="20220416 22:57:22.099"/>
</kw>
<kw name="Sleep" library="BuiltIn">
<arg>2s</arg>
<doc>Pauses the test executed for the given time.</doc>
<status status="NOT RUN" starttime="20220416 22:57:22.100" endtime="20220416 22:57:22.100"/>
</kw>
<kw name="Input Text" library="Selenium2Library">
<arg>${textbox_name}</arg>
<arg>wwwwwwwww</arg>
<doc>Types the given ``text`` into the text field identified by ``locator``.</doc>
<status status="NOT RUN" starttime="20220416 22:57:22.100" endtime="20220416 22:57:22.100"/>
</kw>
<kw name="Input Text" library="Selenium2Library">
<arg>${textbox_surname}</arg>
<arg>keatkong</arg>
<doc>Types the given ``text`` into the text field identified by ``locator``.</doc>
<status status="NOT RUN" starttime="20220416 22:57:22.101" endtime="20220416 22:57:22.101"/>
</kw>
<kw name="Input Text" library="Selenium2Library">
<arg>${textbox_tel}</arg>
<arg>123426789</arg>
<doc>Types the given ``text`` into the text field identified by ``locator``.</doc>
<status status="NOT RUN" starttime="20220416 22:57:22.101" endtime="20220416 22:57:22.101"/>
</kw>
<kw name="Input Text" library="Selenium2Library">
<arg>${textbox_addr}</arg>
<arg>dont know</arg>
<doc>Types the given ``text`` into the text field identified by ``locator``.</doc>
<status status="NOT RUN" starttime="20220416 22:57:22.102" endtime="20220416 22:57:22.102"/>
</kw>
<kw name="Click Element" library="Selenium2Library">
<arg>${button_order}</arg>
<doc>Click the element identified by ``locator``.</doc>
<status status="NOT RUN" starttime="20220416 22:57:22.102" endtime="20220416 22:57:22.103"/>
</kw>
<kw name="Sleep" library="BuiltIn">
<arg>4s</arg>
<doc>Pauses the test executed for the given time.</doc>
<status status="NOT RUN" starttime="20220416 22:57:22.103" endtime="20220416 22:57:22.103"/>
</kw>
<kw name="Title Should Be" library="Selenium2Library">
<arg>Order</arg>
<doc>Verifies that the current page title equals ``title``.</doc>
<status status="NOT RUN" starttime="20220416 22:57:22.104" endtime="20220416 22:57:22.104"/>
</kw>
<kw name="Close Browser" library="Selenium2Library" type="TEARDOWN">
<doc>Closes the current browser.</doc>
<status status="PASS" starttime="20220416 22:57:22.104" endtime="20220416 22:57:22.105"/>
</kw>
<tag>successful-case</tag>
<status status="FAIL" starttime="20220416 22:57:22.092" endtime="20220416 22:57:22.105">WebDriverException: Message: 'chromedriver' executable needs to be in PATH. Please see https://chromedriver.chromium.org/home
</status>
</test>
<test id="s1-t5" name="T0005 Sign-in 4 chars name" line="88">
<kw name="Open Browser" library="Selenium2Library">
<arg>${url_signin}</arg>
<arg>chrome</arg>
<doc>Opens a new browser instance to the optional ``url``.</doc>
<msg timestamp="20220416 22:57:22.107" level="INFO">Opening browser 'chrome' to base url 'http://localhost:3000/cart'.</msg>
<msg timestamp="20220416 22:57:22.111" level="INFO">Cannot capture screenshot because no browser is open.</msg>
<msg timestamp="20220416 22:57:22.111" level="FAIL">WebDriverException: Message: 'chromedriver' executable needs to be in PATH. Please see https://chromedriver.chromium.org/home
</msg>
<status status="FAIL" starttime="20220416 22:57:22.107" endtime="20220416 22:57:22.112"/>
</kw>
<kw name="Sleep" library="BuiltIn">
<arg>2s</arg>
<doc>Pauses the test executed for the given time.</doc>
<status status="NOT RUN" starttime="20220416 22:57:22.113" endtime="20220416 22:57:22.113"/>
</kw>
<kw name="Click Element" library="Selenium2Library">
<arg>${button_buy}</arg>
<doc>Click the element identified by ``locator``.</doc>
<status status="NOT RUN" starttime="20220416 22:57:22.113" endtime="20220416 22:57:22.113"/>
</kw>
<kw name="Sleep" library="BuiltIn">
<arg>2s</arg>
<doc>Pauses the test executed for the given time.</doc>
<status status="NOT RUN" starttime="20220416 22:57:22.114" endtime="20220416 22:57:22.114"/>
</kw>
<kw name="Click Element" library="Selenium2Library">
<arg>${button_oncash}</arg>
<doc>Click the element identified by ``locator``.</doc>
<status status="NOT RUN" starttime="20220416 22:57:22.114" endtime="20220416 22:57:22.114"/>
</kw>
<kw name="Sleep" library="BuiltIn">
<arg>2s</arg>
<doc>Pauses the test executed for the given time.</doc>
<status status="NOT RUN" starttime="20220416 22:57:22.115" endtime="20220416 22:57:22.115"/>
</kw>
<kw name="Input Text" library="Selenium2Library">
<arg>${textbox_name}</arg>
<arg>wwww</arg>
<doc>Types the given ``text`` into the text field identified by ``locator``.</doc>
<status status="NOT RUN" starttime="20220416 22:57:22.115" endtime="20220416 22:57:22.115"/>
</kw>
<kw name="Input Text" library="Selenium2Library">
<arg>${textbox_surname}</arg>
<arg>keatkong</arg>
<doc>Types the given ``text`` into the text field identified by ``locator``.</doc>
<status status="NOT RUN" starttime="20220416 22:57:22.116" endtime="20220416 22:57:22.116"/>
</kw>
<kw name="Input Text" library="Selenium2Library">
<arg>${textbox_tel}</arg>
<arg>123426789</arg>
<doc>Types the given ``text`` into the text field identified by ``locator``.</doc>
<status status="NOT RUN" starttime="20220416 22:57:22.116" endtime="20220416 22:57:22.116"/>
</kw>
<kw name="Input Text" library="Selenium2Library">
<arg>${textbox_addr}</arg>
<arg>dont know</arg>
<doc>Types the given ``text`` into the text field identified by ``locator``.</doc>
<status status="NOT RUN" starttime="20220416 22:57:22.117" endtime="20220416 22:57:22.117"/>
</kw>
<kw name="Click Element" library="Selenium2Library">
<arg>${button_order}</arg>
<doc>Click the element identified by ``locator``.</doc>
<status status="NOT RUN" starttime="20220416 22:57:22.117" endtime="20220416 22:57:22.118"/>
</kw>
<kw name="Sleep" library="BuiltIn">
<arg>4s</arg>
<doc>Pauses the test executed for the given time.</doc>
<status status="NOT RUN" starttime="20220416 22:57:22.118" endtime="20220416 22:57:22.118"/>
</kw>
<kw name="Title Should Be" library="Selenium2Library">
<arg>Order</arg>
<doc>Verifies that the current page title equals ``title``.</doc>
<status status="NOT RUN" starttime="20220416 22:57:22.119" endtime="20220416 22:57:22.119"/>
</kw>
<kw name="Close Browser" library="Selenium2Library" type="TEARDOWN">
<doc>Closes the current browser.</doc>
<status status="PASS" starttime="20220416 22:57:22.119" endtime="20220416 22:57:22.120"/>
</kw>
<tag>successful-case</tag>
<status status="FAIL" starttime="20220416 22:57:22.106" endtime="20220416 22:57:22.120">WebDriverException: Message: 'chromedriver' executable needs to be in PATH. Please see https://chromedriver.chromium.org/home
</status>
</test>
<test id="s1-t6" name="T0006 Sign-in num in name" line="104">
<kw name="Open Browser" library="Selenium2Library">
<arg>${url_signin}</arg>
<arg>chrome</arg>
<doc>Opens a new browser instance to the optional ``url``.</doc>
<msg timestamp="20220416 22:57:22.122" level="INFO">Opening browser 'chrome' to base url 'http://localhost:3000/cart'.</msg>
<msg timestamp="20220416 22:57:22.126" level="INFO">Cannot capture screenshot because no browser is open.</msg>
<msg timestamp="20220416 22:57:22.126" level="FAIL">WebDriverException: Message: 'chromedriver' executable needs to be in PATH. Please see https://chromedriver.chromium.org/home
</msg>
<status status="FAIL" starttime="20220416 22:57:22.122" endtime="20220416 22:57:22.127"/>
</kw>
<kw name="Sleep" library="BuiltIn">
<arg>2s</arg>
<doc>Pauses the test executed for the given time.</doc>
<status status="NOT RUN" starttime="20220416 22:57:22.127" endtime="20220416 22:57:22.127"/>
</kw>
<kw name="Click Element" library="Selenium2Library">
<arg>${button_buy}</arg>
<doc>Click the element identified by ``locator``.</doc>
<status status="NOT RUN" starttime="20220416 22:57:22.128" endtime="20220416 22:57:22.128"/>
</kw>
<kw name="Sleep" library="BuiltIn">
<arg>2s</arg>
<doc>Pauses the test executed for the given time.</doc>
<status status="NOT RUN" starttime="20220416 22:57:22.128" endtime="20220416 22:57:22.129"/>
</kw>
<kw name="Click Element" library="Selenium2Library">
<arg>${button_oncash}</arg>
<doc>Click the element identified by ``locator``.</doc>
<status status="NOT RUN" starttime="20220416 22:57:22.129" endtime="20220416 22:57:22.129"/>
</kw>
<kw name="Sleep" library="BuiltIn">
<arg>2s</arg>
<doc>Pauses the test executed for the given time.</doc>
<status status="NOT RUN" starttime="20220416 22:57:22.130" endtime="20220416 22:57:22.130"/>
</kw>
<kw name="Input Text" library="Selenium2Library">
<arg>${textbox_name}</arg>
<arg>wwww123</arg>
<doc>Types the given ``text`` into the text field identified by ``locator``.</doc>
<status status="NOT RUN" starttime="20220416 22:57:22.130" endtime="20220416 22:57:22.130"/>
</kw>
<kw name="Input Text" library="Selenium2Library">
<arg>${textbox_surname}</arg>
<arg>keatkong</arg>
<doc>Types the given ``text`` into the text field identified by ``locator``.</doc>
<status status="NOT RUN" starttime="20220416 22:57:22.130" endtime="20220416 22:57:22.131"/>
</kw>
<kw name="Input Text" library="Selenium2Library">
<arg>${textbox_tel}</arg>
<arg>123426789</arg>
<doc>Types the given ``text`` into the text field identified by ``locator``.</doc>
<status status="NOT RUN" starttime="20220416 22:57:22.131" endtime="20220416 22:57:22.131"/>
</kw>
<kw name="Input Text" library="Selenium2Library">
<arg>${textbox_addr}</arg>
<arg>dont know</arg>
<doc>Types the given ``text`` into the text field identified by ``locator``.</doc>
<status status="NOT RUN" starttime="20220416 22:57:22.132" endtime="20220416 22:57:22.132"/>
</kw>
<kw name="Click Element" library="Selenium2Library">
<arg>${button_order}</arg>
<doc>Click the element identified by ``locator``.</doc>
<status status="NOT RUN" starttime="20220416 22:57:22.132" endtime="20220416 22:57:22.132"/>
</kw>
<kw name="Sleep" library="BuiltIn">
<arg>4s</arg>
<doc>Pauses the test executed for the given time.</doc>
<status status="NOT RUN" starttime="20220416 22:57:22.133" endtime="20220416 22:57:22.133"/>
</kw>
<kw name="Title Should Be" library="Selenium2Library">
<arg>Cart</arg>
<doc>Verifies that the current page title equals ``title``.</doc>
<status status="NOT RUN" starttime="20220416 22:57:22.133" endtime="20220416 22:57:22.134"/>
</kw>
<kw name="Close Browser" library="Selenium2Library" type="TEARDOWN">
<doc>Closes the current browser.</doc>
<status status="PASS" starttime="20220416 22:57:22.134" endtime="20220416 22:57:22.134"/>
</kw>
<tag>successful-case</tag>
<status status="FAIL" starttime="20220416 22:57:22.121" endtime="20220416 22:57:22.135">WebDriverException: Message: 'chromedriver' executable needs to be in PATH. Please see https://chromedriver.chromium.org/home
</status>
</test>
<test id="s1-t7" name="T0007 Sign-in 2 chars surname" line="122">
<kw name="Open Browser" library="Selenium2Library">
<arg>${url_signin}</arg>
<arg>chrome</arg>
<doc>Opens a new browser instance to the optional ``url``.</doc>
<msg timestamp="20220416 22:57:22.137" level="INFO">Opening browser 'chrome' to base url 'http://localhost:3000/cart'.</msg>
<msg timestamp="20220416 22:57:22.140" level="INFO">Cannot capture screenshot because no browser is open.</msg>
<msg timestamp="20220416 22:57:22.140" level="FAIL">WebDriverException: Message: 'chromedriver' executable needs to be in PATH. Please see https://chromedriver.chromium.org/home
</msg>
<status status="FAIL" starttime="20220416 22:57:22.137" endtime="20220416 22:57:22.141"/>
</kw>
<kw name="Sleep" library="BuiltIn">
<arg>2s</arg>
<doc>Pauses the test executed for the given time.</doc>
<status status="NOT RUN" starttime="20220416 22:57:22.142" endtime="20220416 22:57:22.142"/>
</kw>
<kw name="Click Element" library="Selenium2Library">
<arg>${button_buy}</arg>
<doc>Click the element identified by ``locator``.</doc>
<status status="NOT RUN" starttime="20220416 22:57:22.142" endtime="20220416 22:57:22.142"/>
</kw>
<kw name="Sleep" library="BuiltIn">
<arg>2s</arg>
<doc>Pauses the test executed for the given time.</doc>
<status status="NOT RUN" starttime="20220416 22:57:22.143" endtime="20220416 22:57:22.143"/>
</kw>
<kw name="Click Element" library="Selenium2Library">
<arg>${button_oncash}</arg>
<doc>Click the element identified by ``locator``.</doc>
<status status="NOT RUN" starttime="20220416 22:57:22.143" endtime="20220416 22:57:22.143"/>
</kw>
<kw name="Sleep" library="BuiltIn">
<arg>2s</arg>
<doc>Pauses the test executed for the given time.</doc>
<status status="NOT RUN" starttime="20220416 22:57:22.144" endtime="20220416 22:57:22.144"/>
</kw>
<kw name="Input Text" library="Selenium2Library">
<arg>${textbox_name}</arg>
<arg>warapob</arg>
<doc>Types the given ``text`` into the text field identified by ``locator``.</doc>
<status status="NOT RUN" starttime="20220416 22:57:22.145" endtime="20220416 22:57:22.145"/>
</kw>
<kw name="Input Text" library="Selenium2Library">
<arg>${textbox_surname}</arg>
<arg>ke</arg>
<doc>Types the given ``text`` into the text field identified by ``locator``.</doc>
<status status="NOT RUN" starttime="20220416 22:57:22.145" endtime="20220416 22:57:22.145"/>
</kw>
<kw name="Input Text" library="Selenium2Library">
<arg>${textbox_tel}</arg>
<arg>123426789</arg>
<doc>Types the given ``text`` into the text field identified by ``locator``.</doc>
<status status="NOT RUN" starttime="20220416 22:57:22.145" endtime="20220416 22:57:22.145"/>
</kw>
<kw name="Input Text" library="Selenium2Library">
<arg>${textbox_addr}</arg>
<arg>dont know</arg>
<doc>Types the given ``text`` into the text field identified by ``locator``.</doc>
<status status="NOT RUN" starttime="20220416 22:57:22.146" endtime="20220416 22:57:22.146"/>
</kw>
<kw name="Click Element" library="Selenium2Library">
<arg>${button_order}</arg>
<doc>Click the element identified by ``locator``.</doc>
<status status="NOT RUN" starttime="20220416 22:57:22.147" endtime="20220416 22:57:22.147"/>
</kw>
<kw name="Sleep" library="BuiltIn">
<arg>4s</arg>
<doc>Pauses the test executed for the given time.</doc>
<status status="NOT RUN" starttime="20220416 22:57:22.147" endtime="20220416 22:57:22.147"/>
</kw>
<kw name="Title Should Be" library="Selenium2Library">
<arg>Cart</arg>
<doc>Verifies that the current page title equals ``title``.</doc>
<status status="NOT RUN" starttime="20220416 22:57:22.147" endtime="20220416 22:57:22.147"/>
</kw>
<kw name="Close Browser" library="Selenium2Library" type="TEARDOWN">
<doc>Closes the current browser.</doc>
<status status="PASS" starttime="20220416 22:57:22.148" endtime="20220416 22:57:22.149"/>
</kw>
<tag>successful-case</tag>
<status status="FAIL" starttime="20220416 22:57:22.136" endtime="20220416 22:57:22.149">WebDriverException: Message: 'chromedriver' executable needs to be in PATH. Please see https://chromedriver.chromium.org/home
</status>
</test>
<test id="s1-t8" name="T0008 Sign-in 11 chars surname" line="138">
<kw name="Open Browser" library="Selenium2Library">
<arg>${url_signin}</arg>
<arg>chrome</arg>
<doc>Opens a new browser instance to the optional ``url``.</doc>
<msg timestamp="20220416 22:57:22.151" level="INFO">Opening browser 'chrome' to base url 'http://localhost:3000/cart'.</msg>
<msg timestamp="20220416 22:57:22.154" level="INFO">Cannot capture screenshot because no browser is open.</msg>
<msg timestamp="20220416 22:57:22.155" level="FAIL">WebDriverException: Message: 'chromedriver' executable needs to be in PATH. Please see https://chromedriver.chromium.org/home
</msg>
<status status="FAIL" starttime="20220416 22:57:22.151" endtime="20220416 22:57:22.156"/>
</kw>
<kw name="Sleep" library="BuiltIn">
<arg>2s</arg>
<doc>Pauses the test executed for the given time.</doc>
<status status="NOT RUN" starttime="20220416 22:57:22.156" endtime="20220416 22:57:22.156"/>
</kw>
<kw name="Click Element" library="Selenium2Library">
<arg>${button_buy}</arg>
<doc>Click the element identified by ``locator``.</doc>
<status status="NOT RUN" starttime="20220416 22:57:22.157" endtime="20220416 22:57:22.157"/>
</kw>
<kw name="Sleep" library="BuiltIn">
<arg>2s</arg>
<doc>Pauses the test executed for the given time.</doc>
<status status="NOT RUN" starttime="20220416 22:57:22.157" endtime="20220416 22:57:22.157"/>
</kw>
<kw name="Click Element" library="Selenium2Library">
<arg>${button_oncash}</arg>
<doc>Click the element identified by ``locator``.</doc>
<status status="NOT RUN" starttime="20220416 22:57:22.158" endtime="20220416 22:57:22.158"/>
</kw>
<kw name="Sleep" library="BuiltIn">
<arg>2s</arg>
<doc>Pauses the test executed for the given time.</doc>
<status status="NOT RUN" starttime="20220416 22:57:22.158" endtime="20220416 22:57:22.158"/>
</kw>
<kw name="Input Text" library="Selenium2Library">
<arg>${textbox_name}</arg>
<arg>warapob</arg>
<doc>Types the given ``text`` into the text field identified by ``locator``.</doc>
<status status="NOT RUN" starttime="20220416 22:57:22.159" endtime="20220416 22:57:22.159"/>
</kw>
<kw name="Input Text" library="Selenium2Library">
<arg>${textbox_surname}</arg>
<arg>kkkkkkkkkkk</arg>
<doc>Types the given ``text`` into the text field identified by ``locator``.</doc>
<status status="NOT RUN" starttime="20220416 22:57:22.159" endtime="20220416 22:57:22.159"/>
</kw>
<kw name="Input Text" library="Selenium2Library">
<arg>${textbox_tel}</arg>
<arg>123426789</arg>
<doc>Types the given ``text`` into the text field identified by ``locator``.</doc>
<status status="NOT RUN" starttime="20220416 22:57:22.160" endtime="20220416 22:57:22.160"/>
</kw>
<kw name="Input Text" library="Selenium2Library">
<arg>${textbox_addr}</arg>
<arg>dont know</arg>
<doc>Types the given ``text`` into the text field identified by ``locator``.</doc>
<status status="NOT RUN" starttime="20220416 22:57:22.161" endtime="20220416 22:57:22.161"/>
</kw>
<kw name="Click Element" library="Selenium2Library">
<arg>${button_order}</arg>
<doc>Click the element identified by ``locator``.</doc>
<status status="NOT RUN" starttime="20220416 22:57:22.161" endtime="20220416 22:57:22.161"/>
</kw>
<kw name="Sleep" library="BuiltIn">
<arg>4s</arg>
<doc>Pauses the test executed for the given time.</doc>
<status status="NOT RUN" starttime="20220416 22:57:22.161" endtime="20220416 22:57:22.162"/>
</kw>
<kw name="Title Should Be" library="Selenium2Library">
<arg>Cart</arg>
<doc>Verifies that the current page title equals ``title``.</doc>
<status status="NOT RUN" starttime="20220416 22:57:22.162" endtime="20220416 22:57:22.162"/>
</kw>
<kw name="Close Browser" library="Selenium2Library" type="TEARDOWN">
<doc>Closes the current browser.</doc>
<status status="PASS" starttime="20220416 22:57:22.163" endtime="20220416 22:57:22.163"/>
</kw>
<tag>successful-case</tag>
<status status="FAIL" starttime="20220416 22:57:22.150" endtime="20220416 22:57:22.164">WebDriverException: Message: 'chromedriver' executable needs to be in PATH. Please see https://chromedriver.chromium.org/home
</status>
</test>
<test id="s1-t9" name="T0009 Sign-in 9 chars surname" line="154">
<kw name="Open Browser" library="Selenium2Library">
<arg>${url_signin}</arg>
<arg>chrome</arg>
<doc>Opens a new browser instance to the optional ``url``.</doc>
<msg timestamp="20220416 22:57:22.166" level="INFO">Opening browser 'chrome' to base url 'http://localhost:3000/cart'.</msg>
<msg timestamp="20220416 22:57:22.170" level="INFO">Cannot capture screenshot because no browser is open.</msg>
<msg timestamp="20220416 22:57:22.170" level="FAIL">WebDriverException: Message: 'chromedriver' executable needs to be in PATH. Please see https://chromedriver.chromium.org/home
</msg>
<status status="FAIL" starttime="20220416 22:57:22.166" endtime="20220416 22:57:22.171"/>
</kw>
<kw name="Sleep" library="BuiltIn">
<arg>2s</arg>
<doc>Pauses the test executed for the given time.</doc>
<status status="NOT RUN" starttime="20220416 22:57:22.171" endtime="20220416 22:57:22.171"/>
</kw>
<kw name="Click Element" library="Selenium2Library">
<arg>${button_buy}</arg>
<doc>Click the element identified by ``locator``.</doc>
<status status="NOT RUN" starttime="20220416 22:57:22.172" endtime="20220416 22:57:22.172"/>
</kw>
<kw name="Sleep" library="BuiltIn">
<arg>2s</arg>
<doc>Pauses the test executed for the given time.</doc>
<status status="NOT RUN" starttime="20220416 22:57:22.172" endtime="20220416 22:57:22.172"/>
</kw>
<kw name="Click Element" library="Selenium2Library">
<arg>${button_oncash}</arg>
<doc>Click the element identified by ``locator``.</doc>
<status status="NOT RUN" starttime="20220416 22:57:22.173" endtime="20220416 22:57:22.173"/>
</kw>
<kw name="Sleep" library="BuiltIn">
<arg>2s</arg>
<doc>Pauses the test executed for the given time.</doc>
<status status="NOT RUN" starttime="20220416 22:57:22.173" endtime="20220416 22:57:22.174"/>
</kw>
<kw name="Input Text" library="Selenium2Library">
<arg>${textbox_name}</arg>
<arg>warapob</arg>
<doc>Types the given ``text`` into the text field identified by ``locator``.</doc>
<status status="NOT RUN" starttime="20220416 22:57:22.174" endtime="20220416 22:57:22.174"/>
</kw>
<kw name="Input Text" library="Selenium2Library">
<arg>${textbox_surname}</arg>
<arg>kkkkkkkkk</arg>
<doc>Types the given ``text`` into the text field identified by ``locator``.</doc>
<status status="NOT RUN" starttime="20220416 22:57:22.175" endtime="20220416 22:57:22.175"/>
</kw>
<kw name="Input Text" library="Selenium2Library">
<arg>${textbox_tel}</arg>
<arg>123426789</arg>
<doc>Types the given ``text`` into the text field identified by ``locator``.</doc>
<status status="NOT RUN" starttime="20220416 22:57:22.175" endtime="20220416 22:57:22.175"/>
</kw>
<kw name="Input Text" library="Selenium2Library">
<arg>${textbox_addr}</arg>
<arg>dont know</arg>
<doc>Types the given ``text`` into the text field identified by ``locator``.</doc>
<status status="NOT RUN" starttime="20220416 22:57:22.176" endtime="20220416 22:57:22.176"/>
</kw>
<kw name="Click Element" library="Selenium2Library">
<arg>${button_order}</arg>
<doc>Click the element identified by ``locator``.</doc>
<status status="NOT RUN" starttime="20220416 22:57:22.176" endtime="20220416 22:57:22.176"/>
</kw>
<kw name="Sleep" library="BuiltIn">
<arg>4s</arg>
<doc>Pauses the test executed for the given time.</doc>
<status status="NOT RUN" starttime="20220416 22:57:22.177" endtime="20220416 22:57:22.177"/>
</kw>
<kw name="Title Should Be" library="Selenium2Library">
<arg>Order</arg>
<doc>Verifies that the current page title equals ``title``.</doc>
<status status="NOT RUN" starttime="20220416 22:57:22.177" endtime="20220416 22:57:22.177"/>
</kw>
<kw name="Close Browser" library="Selenium2Library" type="TEARDOWN">
<doc>Closes the current browser.</doc>
<status status="PASS" starttime="20220416 22:57:22.178" endtime="20220416 22:57:22.178"/>
</kw>
<tag>successful-case</tag>
<status status="FAIL" starttime="20220416 22:57:22.165" endtime="20220416 22:57:22.178">WebDriverException: Message: 'chromedriver' executable needs to be in PATH. Please see https://chromedriver.chromium.org/home
</status>
</test>
<test id="s1-t10" name="T0010 Sign-in 4 chars surname" line="170">
<kw name="Open Browser" library="Selenium2Library">
<arg>${url_signin}</arg>
<arg>chrome</arg>
<doc>Opens a new browser instance to the optional ``url``.</doc>
<msg timestamp="20220416 22:57:22.181" level="INFO">Opening browser 'chrome' to base url 'http://localhost:3000/cart'.</msg>
<msg timestamp="20220416 22:57:22.184" level="INFO">Cannot capture screenshot because no browser is open.</msg>
<msg timestamp="20220416 22:57:22.184" level="FAIL">WebDriverException: Message: 'chromedriver' executable needs to be in PATH. Please see https://chromedriver.chromium.org/home
</msg>
<status status="FAIL" starttime="20220416 22:57:22.180" endtime="20220416 22:57:22.185"/>
</kw>
<kw name="Sleep" library="BuiltIn">
<arg>2s</arg>
<doc>Pauses the test executed for the given time.</doc>
<status status="NOT RUN" starttime="20220416 22:57:22.186" endtime="20220416 22:57:22.186"/>
</kw>
<kw name="Click Element" library="Selenium2Library">
<arg>${button_buy}</arg>
<doc>Click the element identified by ``locator``.</doc>
<status status="NOT RUN" starttime="20220416 22:57:22.186" endtime="20220416 22:57:22.186"/>
</kw>
<kw name="Sleep" library="BuiltIn">
<arg>2s</arg>
<doc>Pauses the test executed for the given time.</doc>
<status status="NOT RUN" starttime="20220416 22:57:22.187" endtime="20220416 22:57:22.187"/>
</kw>
<kw name="Click Element" library="Selenium2Library">
<arg>${button_oncash}</arg>
<doc>Click the element identified by ``locator``.</doc>
<status status="NOT RUN" starttime="20220416 22:57:22.187" endtime="20220416 22:57:22.187"/>
</kw>
<kw name="Sleep" library="BuiltIn">
<arg>2s</arg>
<doc>Pauses the test executed for the given time.</doc>
<status status="NOT RUN" starttime="20220416 22:57:22.188" endtime="20220416 22:57:22.188"/>
</kw>
<kw name="Input Text" library="Selenium2Library">
<arg>${textbox_name}</arg>
<arg>warapob</arg>
<doc>Types the given ``text`` into the text field identified by ``locator``.</doc>
<status status="NOT RUN" starttime="20220416 22:57:22.188" endtime="20220416 22:57:22.188"/>
</kw>
<kw name="Input Text" library="Selenium2Library">
<arg>${textbox_surname}</arg>
<arg>kkkk</arg>
<doc>Types the given ``text`` into the text field identified by ``locator``.</doc>
<status status="NOT RUN" starttime="20220416 22:57:22.189" endtime="20220416 22:57:22.189"/>
</kw>
<kw name="Input Text" library="Selenium2Library">
<arg>${textbox_tel}</arg>
<arg>123426789</arg>
<doc>Types the given ``text`` into the text field identified by ``locator``.</doc>
<status status="NOT RUN" starttime="20220416 22:57:22.189" endtime="20220416 22:57:22.189"/>
</kw>
<kw name="Input Text" library="Selenium2Library">
<arg>${textbox_addr}</arg>
<arg>dont know</arg>
<doc>Types the given ``text`` into the text field identified by ``locator``.</doc>
<status status="NOT RUN" starttime="20220416 22:57:22.190" endtime="20220416 22:57:22.190"/>
</kw>
<kw name="Click Element" library="Selenium2Library">
<arg>${button_order}</arg>
<doc>Click the element identified by ``locator``.</doc>
<status status="NOT RUN" starttime="20220416 22:57:22.190" endtime="20220416 22:57:22.190"/>
</kw>
<kw name="Sleep" library="BuiltIn">
<arg>4s</arg>
<doc>Pauses the test executed for the given time.</doc>
<status status="NOT RUN" starttime="20220416 22:57:22.191" endtime="20220416 22:57:22.191"/>
</kw>
<kw name="Title Should Be" library="Selenium2Library">
<arg>Order</arg>
<doc>Verifies that the current page title equals ``title``.</doc>
<status status="NOT RUN" starttime="20220416 22:57:22.191" endtime="20220416 22:57:22.191"/>
</kw>
<kw name="Close Browser" library="Selenium2Library" type="TEARDOWN">
<doc>Closes the current browser.</doc>
<status status="PASS" starttime="20220416 22:57:22.192" endtime="20220416 22:57:22.192"/>
</kw>
<tag>successful-case</tag>
<status status="FAIL" starttime="20220416 22:57:22.180" endtime="20220416 22:57:22.192">WebDriverException: Message: 'chromedriver' executable needs to be in PATH. Please see https://chromedriver.chromium.org/home
</status>
</test>
<test id="s1-t11" name="T0011 Sign-in num in surname" line="186">
<kw name="Open Browser" library="Selenium2Library">
<arg>${url_signin}</arg>
<arg>chrome</arg>
<doc>Opens a new browser instance to the optional ``url``.</doc>
<msg timestamp="20220416 22:57:22.194" level="INFO">Opening browser 'chrome' to base url 'http://localhost:3000/cart'.</msg>
<msg timestamp="20220416 22:57:22.198" level="INFO">Cannot capture screenshot because no browser is open.</msg>
<msg timestamp="20220416 22:57:22.198" level="FAIL">WebDriverException: Message: 'chromedriver' executable needs to be in PATH. Please see https://chromedriver.chromium.org/home
</msg>
<status status="FAIL" starttime="20220416 22:57:22.194" endtime="20220416 22:57:22.199"/>
</kw>
<kw name="Sleep" library="BuiltIn">
<arg>2s</arg>
<doc>Pauses the test executed for the given time.</doc>
<status status="NOT RUN" starttime="20220416 22:57:22.199" endtime="20220416 22:57:22.200"/>
</kw>
<kw name="Click Element" library="Selenium2Library">
<arg>${button_buy}</arg>
<doc>Click the element identified by ``locator``.</doc>
<status status="NOT RUN" starttime="20220416 22:57:22.200" endtime="20220416 22:57:22.200"/>
</kw>
<kw name="Sleep" library="BuiltIn">
<arg>2s</arg>
<doc>Pauses the test executed for the given time.</doc>
<status status="NOT RUN" starttime="20220416 22:57:22.201" endtime="20220416 22:57:22.201"/>
</kw>
<kw name="Click Element" library="Selenium2Library">
<arg>${button_oncash}</arg>
<doc>Click the element identified by ``locator``.</doc>
<status status="NOT RUN" starttime="20220416 22:57:22.201" endtime="20220416 22:57:22.201"/>
</kw>
<kw name="Sleep" library="BuiltIn">
<arg>2s</arg>
<doc>Pauses the test executed for the given time.</doc>
<status status="NOT RUN" starttime="20220416 22:57:22.202" endtime="20220416 22:57:22.202"/>
</kw>
<kw name="Input Text" library="Selenium2Library">
<arg>${textbox_name}</arg>
<arg>warapob</arg>
<doc>Types the given ``text`` into the text field identified by ``locator``.</doc>
<status status="NOT RUN" starttime="20220416 22:57:22.202" endtime="20220416 22:57:22.202"/>
</kw>
<kw name="Input Text" library="Selenium2Library">
<arg>${textbox_surname}</arg>
<arg>keatkong1234</arg>
<doc>Types the given ``text`` into the text field identified by ``locator``.</doc>
<status status="NOT RUN" starttime="20220416 22:57:22.203" endtime="20220416 22:57:22.203"/>
</kw>
<kw name="Input Text" library="Selenium2Library">
<arg>${textbox_tel}</arg>
<arg>123426789</arg>
<doc>Types the given ``text`` into the text field identified by ``locator``.</doc>
<status status="NOT RUN" starttime="20220416 22:57:22.203" endtime="20220416 22:57:22.203"/>
</kw>
<kw name="Input Text" library="Selenium2Library">
<arg>${textbox_addr}</arg>
<arg>dont know</arg>
<doc>Types the given ``text`` into the text field identified by ``locator``.</doc>
<status status="NOT RUN" starttime="20220416 22:57:22.204" endtime="20220416 22:57:22.204"/>
</kw>
<kw name="Click Element" library="Selenium2Library">
<arg>${button_order}</arg>
<doc>Click the element identified by ``locator``.</doc>
<status status="NOT RUN" starttime="20220416 22:57:22.204" endtime="20220416 22:57:22.204"/>
</kw>
<kw name="Sleep" library="BuiltIn">
<arg>4s</arg>
<doc>Pauses the test executed for the given time.</doc>
<status status="NOT RUN" starttime="20220416 22:57:22.205" endtime="20220416 22:57:22.205"/>
</kw>
<kw name="Title Should Be" library="Selenium2Library">
<arg>Cart</arg>
<doc>Verifies that the current page title equals ``title``.</doc>
<status status="NOT RUN" starttime="20220416 22:57:22.205" endtime="20220416 22:57:22.205"/>
</kw>
<kw name="Close Browser" library="Selenium2Library" type="TEARDOWN">
<doc>Closes the current browser.</doc>
<status status="PASS" starttime="20220416 22:57:22.206" endtime="20220416 22:57:22.206"/>
</kw>
<tag>successful-case</tag>
<status status="FAIL" starttime="20220416 22:57:22.193" endtime="20220416 22:57:22.206">WebDriverException: Message: 'chromedriver' executable needs to be in PATH. Please see https://chromedriver.chromium.org/home
</status>
</test>
<status status="FAIL" starttime="20220416 22:57:21.808" endtime="20220416 22:57:22.208"/>
</suite>
<statistics>
<total>
<stat pass="0" fail="11" skip="0">All Tests</stat>
</total>
<tag>
<stat pass="0" fail="11" skip="0">successful-case</stat>
</tag>
<suite>
<stat pass="0" fail="11" skip="0" id="s1" name="Test-Form">Test-Form</stat>
</suite>
</statistics>
<errors>
</errors>
</robot>
